0 info it worked if it ends with ok
1 verbose cli [ 'D:\\Programs\\x64\\nodejs\\node.exe',
1 verbose cli   'D:\\Programs\\x64\\nodejs\\node_modules\\npm\\bin\\npm-cli.js',
1 verbose cli   'run',
1 verbose cli   'watch-dev' ]
2 info using npm@3.10.9
3 info using node@v6.9.2
4 verbose run-script [ 'prewatch-dev', 'watch-dev', 'postwatch-dev' ]
5 info lifecycle bagcilar2d@0.0.1~prewatch-dev: bagcilar2d@0.0.1
6 silly lifecycle bagcilar2d@0.0.1~prewatch-dev: no script for prewatch-dev, continuing
7 info lifecycle bagcilar2d@0.0.1~watch-dev: bagcilar2d@0.0.1
8 verbose lifecycle bagcilar2d@0.0.1~watch-dev: unsafe-perm in lifecycle true
9 verbose lifecycle bagcilar2d@0.0.1~watch-dev: PATH: D:\Programs\x64\nodejs\node_modules\npm\bin\node-gyp-bin;D:\Projects\pet\Bagcilar2D\node_modules\.bin;D:\Programs\x64\ImageMagick-7.0.4-Q16;C:\ProgramData\Oracle\Java\javapath;D:\Programs\px86\PHP\;C:\Program Files (x86)\Intel\iCLS Client\;C:\Program Files\Intel\iCLS Client\;C:\Windows\system32;C:\Windows;C:\Windows\System32\Wbem;C:\Windows\System32\WindowsPowerShell\v1.0\;C:\Program Files (x86)\NVIDIA Corporation\PhysX\Common;C:\Program Files (x86)\Intel\Intel(R) Management Engine Components\DAL;C:\Program Files\Intel\Intel(R) Management Engine Components\DAL;C:\Program Files (x86)\Intel\Intel(R) Management Engine Components\IPT;C:\Program Files\Intel\Intel(R) Management Engine Components\IPT;C:\Program Files (x86)\Windows Kits\8.1\Windows Performance Toolkit\;C:\Program Files\Microsoft SQL Server\120\Tools\Binn\;C:\Program Files\Microsoft SQL Server\130\Tools\Binn\;C:\Program Files (x86)\GtkSharp\2.12\bin;D:\Programs\px86\Skype\Phone\;C:\WINDOWS\system32;C:\WINDOWS;C:\WINDOWS\System32\Wbem;C:\WINDOWS\System32\WindowsPowerShell\v1.0\;D:\Programs\SDK\OpenNI\Bin64;D:\Programs\SDK\Python27;D:\Programs\x64\nodejs\;C:\Program Files\Microsoft\Web Platform Installer\;C:\Program Files\Intel\WiFi\bin\;C:\Program Files\Common Files\Intel\WirelessCommon\;C:\Users\SelimLenova\AppData\Local\Microsoft\WindowsApps;C:\Users\SelimLenova\AppData\Local\atom\bin;C:\Users\SelimLenova\AppData\Roaming\npm;C:\Program Files\Java\jre1.8.0_121;C:\Program Files\Intel\WiFi\bin\;C:\Program Files\Common Files\Intel\WirelessCommon\;D:\Program Files\Docker Toolbox
10 verbose lifecycle bagcilar2d@0.0.1~watch-dev: CWD: D:\Projects\pet\Bagcilar2D
11 silly lifecycle bagcilar2d@0.0.1~watch-dev: Args: [ '/d /s /c', 'gulp watch-dev' ]
12 silly lifecycle bagcilar2d@0.0.1~watch-dev: Returned: code: 1  signal: null
13 info lifecycle bagcilar2d@0.0.1~watch-dev: Failed to exec watch-dev script
14 verbose stack Error: bagcilar2d@0.0.1 watch-dev: `gulp watch-dev`
14 verbose stack Exit status 1
14 verbose stack     at EventEmitter.<anonymous> (D:\Programs\x64\nodejs\node_modules\npm\lib\utils\lifecycle.js:255:16)
14 verbose stack     at emitTwo (events.js:106:13)
14 verbose stack     at EventEmitter.emit (events.js:191:7)
14 verbose stack     at ChildProcess.<anonymous> (D:\Programs\x64\nodejs\node_modules\npm\lib\utils\spawn.js:40:14)
14 verbose stack     at emitTwo (events.js:106:13)
14 verbose stack     at ChildProcess.emit (events.js:191:7)
14 verbose stack     at maybeClose (internal/child_process.js:877:16)
14 verbose stack     at Process.ChildProcess._handle.onexit (internal/child_process.js:226:5)
15 verbose pkgid bagcilar2d@0.0.1
16 verbose cwd D:\Projects\pet\Bagcilar2D\src\js
17 error Windows_NT 10.0.14393
18 error argv "D:\\Programs\\x64\\nodejs\\node.exe" "D:\\Programs\\x64\\nodejs\\node_modules\\npm\\bin\\npm-cli.js" "run" "watch-dev"
19 error node v6.9.2
20 error npm  v3.10.9
21 error code ELIFECYCLE
22 error bagcilar2d@0.0.1 watch-dev: `gulp watch-dev`
22 error Exit status 1
23 error Failed at the bagcilar2d@0.0.1 watch-dev script 'gulp watch-dev'.
23 error Make sure you have the latest version of node.js and npm installed.
23 error If you do, this is most likely a problem with the bagcilar2d package,
23 error not with npm itself.
23 error Tell the author that this fails on your system:
23 error     gulp watch-dev
23 error You can get information on how to open an issue for this project with:
23 error     npm bugs bagcilar2d
23 error Or if that isn't available, you can get their info via:
23 error     npm owner ls bagcilar2d
23 error There is likely additional logging output above.
24 verbose exit [ 1, true ]
